   1              	 .cpu cortex-m0
   2              	 .fpu softvfp
   3              	 .eabi_attribute 20,1
   4              	 .eabi_attribute 21,1
   5              	 .eabi_attribute 23,3
   6              	 .eabi_attribute 24,1
   7              	 .eabi_attribute 25,1
   8              	 .eabi_attribute 26,1
   9              	 .eabi_attribute 30,4
  10              	 .eabi_attribute 34,0
  11              	 .eabi_attribute 18,4
  12              	 .code 16
  13              	 .file "DAVE.c"
  14              	 .section .text.DAVE_Init,"ax",%progbits
  15              	 .align 1
  16              	 .global DAVE_Init
  17              	 .code 16
  18              	 .thumb_func
  20              	DAVE_Init:
  21 0000 08B5     	 push {r3,lr}
  22 0002 1648     	 ldr r0,.L10
  23 0004 FFF7FEFF 	 bl CLOCK_XMC1_Init
  24 0008 0028     	 cmp r0,#0
  25 000a 25D1     	 bne .L8
  26 000c 1448     	 ldr r0,.L10+4
  27 000e FFF7FEFF 	 bl UART_Init
  28 0012 0028     	 cmp r0,#0
  29 0014 20D1     	 bne .L8
  30 0016 1348     	 ldr r0,.L10+8
  31 0018 FFF7FEFF 	 bl SPI_CONFIG_Init
  32 001c 0028     	 cmp r0,#0
  33 001e 1BD1     	 bne .L8
  34 0020 1148     	 ldr r0,.L10+12
  35 0022 FFF7FEFF 	 bl DIGITAL_IO_Init
  36 0026 0028     	 cmp r0,#0
  37 0028 16D1     	 bne .L8
  38 002a 1048     	 ldr r0,.L10+16
  39 002c FFF7FEFF 	 bl DIGITAL_IO_Init
  40 0030 0028     	 cmp r0,#0
  41 0032 11D1     	 bne .L8
  42 0034 0E48     	 ldr r0,.L10+20
  43 0036 FFF7FEFF 	 bl DIGITAL_IO_Init
  44 003a 0028     	 cmp r0,#0
  45 003c 0CD1     	 bne .L8
  46 003e 0D48     	 ldr r0,.L10+24
  47 0040 FFF7FEFF 	 bl DIGITAL_IO_Init
  48 0044 0028     	 cmp r0,#0
  49 0046 07D1     	 bne .L8
  50 0048 0B48     	 ldr r0,.L10+28
  51 004a FFF7FEFF 	 bl DIGITAL_IO_Init
  52 004e 0028     	 cmp r0,#0
  53 0050 02D1     	 bne .L8
  54 0052 0A48     	 ldr r0,.L10+32
  55 0054 FFF7FEFF 	 bl DIGITAL_IO_Init
  56              	.L8:
  57              	 
  58 0058 08BD     	 pop {r3,pc}
  59              	.L11:
  60 005a C046     	 .align 2
  61              	.L10:
  62 005c 00000000 	 .word CLOCK_XMC1_0
  63 0060 00000000 	 .word UART_0
  64 0064 00000000 	 .word SPI_CONFIG_0
  65 0068 00000000 	 .word DIGITAL_IO_MOSI
  66 006c 00000000 	 .word DIGITAL_IO_SCLK
  67 0070 00000000 	 .word DIGITAL_IO_SSL1
  68 0074 00000000 	 .word DIGITAL_IO_SSL2
  69 0078 00000000 	 .word DIGITAL_IO_LED1
  70 007c 00000000 	 .word DIGITAL_IO_LED2
  72              	 .ident "GCC: (GNU Tools for ARM Embedded Processors) 4.9.3 20141119 (release) [ARM/embedded-4_9-branch revision 218278]"
DEFINED SYMBOLS
                            *ABS*:00000000 DAVE.c
    {standard input}:15     .text.DAVE_Init:00000000 $t
    {standard input}:20     .text.DAVE_Init:00000000 DAVE_Init
    {standard input}:62     .text.DAVE_Init:0000005c $d

UNDEFINED SYMBOLS
CLOCK_XMC1_Init
UART_Init
SPI_CONFIG_Init
DIGITAL_IO_Init
CLOCK_XMC1_0
UART_0
SPI_CONFIG_0
DIGITAL_IO_MOSI
DIGITAL_IO_SCLK
DIGITAL_IO_SSL1
DIGITAL_IO_SSL2
DIGITAL_IO_LED1
DIGITAL_IO_LED2
